<?xml version="1.0" encoding="UTF-8"?>
<!-- Generated by org.testng.reporters.JUnitReportReporter -->
<testsuite hostname="DESKTOP-NJ97IE9" failures="0" tests="1" name="session25.DemoJSONIgnore" time="0.251" errors="0" timestamp="2023-03-15T14:07:56 IST" skipped="0">
  <testcase classname="session25.DemoJSONIgnore" name="testMethod1" time="0.251"/>
  <system-out/>
</testsuite> <!-- session25.DemoJSONIgnore -->
