<?xml version="1.0" encoding="UTF-8"?>
<!-- Generated by org.testng.reporters.JUnitReportReporter -->
<testsuite hostname="DESKTOP-NJ97IE9" failures="0" tests="1" name="test.DemoJsonInclude" time="0.276" errors="0" timestamp="2023-03-15T11:48:32 IST" skipped="0">
  <testcase classname="test.DemoJsonInclude" name="testMethod1" time="0.276"/>
  <system-out/>
</testsuite> <!-- test.DemoJsonInclude -->
