<?xml version="1.0" encoding="UTF-8"?>
<!-- Generated by org.testng.reporters.JUnitReportReporter -->
<testsuite hostname="DESKTOP-NJ97IE9" failures="0" tests="1" name="testPackage.testClass" time="1.573" errors="0" timestamp="2023-02-07T12:57:15 IST" skipped="0">
  <testcase classname="testPackage.testClass" name="filterUser" time="1.573"/>
  <system-out/>
</testsuite> <!-- testPackage.testClass -->
