<?xml version="1.0" encoding="UTF-8"?>
<!-- Generated by org.testng.reporters.JUnitReportReporter -->
<testsuite hostname="DESKTOP-NJ97IE9" failures="0" tests="1" name="Session21.JSONArrayPojoClassDemo" time="2.483" errors="0" timestamp="2023-03-05T16:46:16 IST" skipped="0">
  <testcase classname="Session21.JSONArrayPojoClassDemo" name="createEmployeesJSONArray" time="2.483"/>
  <system-out/>
</testsuite> <!-- Session21.JSONArrayPojoClassDemo -->
