<?xml version="1.0" encoding="UTF-8"?>
<!-- Generated by org.testng.reporters.JUnitReportReporter -->
<testsuite hostname="DESKTOP-NJ97IE9" failures="0" tests="2" name="session27.DemoTest" time="3.591" errors="0" timestamp="2023-03-21T18:07:52 IST" skipped="0">
  <testcase classname="session27.DemoTest" name="test2" time="0.876"/>
  <system-out/>
  <testcase classname="session27.DemoTest" name="test1" time="2.715"/>
  <system-out/>
</testsuite> <!-- session27.DemoTest -->
