<?xml version="1.0" encoding="UTF-8"?>
<!-- Generated by org.testng.reporters.JUnitReportReporter -->
<testsuite hostname="DESKTOP-NJ97IE9" failures="0" tests="4" name="session19.OwnAPITesting" time="1.122" errors="0" timestamp="2023-03-02T13:10:34 IST" skipped="2">
  <testcase classname="session19.OwnAPITesting" name="readUserData" time="0.058"/>
  <system-out/>
  <testcase classname="session19.OwnAPITesting" name="DeleteUser" time="1.064"/>
  <system-out/>
  <testcase classname="session19.OwnAPITesting" name="CreateUser">
    <skipped/>
  </testcase> <!-- CreateUser -->
  <system-out/>
  <testcase classname="session19.OwnAPITesting" name="UpdateUser">
    <skipped/>
  </testcase> <!-- UpdateUser -->
  <system-out/>
</testsuite> <!-- session19.OwnAPITesting -->
