<?xml version="1.0" encoding="UTF-8"?>
<!-- Generated by org.testng.reporters.JUnitReportReporter -->
<testsuite hostname="DESKTOP-NJ97IE9" failures="0" tests="1" name="session24.DemoJsonInclude" time="0.265" errors="0" timestamp="2023-03-12T17:54:32 IST" skipped="0">
  <testcase classname="session24.DemoJsonInclude" name="testMethod1" time="0.265"/>
  <system-out/>
</testsuite> <!-- session24.DemoJsonInclude -->
