<?xml version="1.0" encoding="UTF-8"?>
<!-- Generated by org.testng.reporters.JUnitReportReporter -->
<testsuite hostname="DESKTOP-NJ97IE9" failures="0" tests="1" name="session22.DemoNestedJSONPayload" time="2.875" errors="0" timestamp="2023-03-09T20:10:55 IST" skipped="0">
  <testcase classname="session22.DemoNestedJSONPayload" name="createUser" time="2.875"/>
  <system-out/>
</testsuite> <!-- session22.DemoNestedJSONPayload -->
