<?xml version="1.0" encoding="UTF-8"?>
<!-- Generated by org.testng.reporters.JUnitReportReporter -->
<testsuite hostname="DESKTOP-NJ97IE9" failures="0" tests="1" name="session20.SerializationAndDeserialization" time="2.091" errors="0" timestamp="2023-03-03T16:13:55 IST" skipped="0">
  <testcase classname="session20.SerializationAndDeserialization" name="CreateJSONObjectFromEmployeeClassObject" time="2.091"/>
  <system-out/>
</testsuite> <!-- session20.SerializationAndDeserialization -->
