<?xml version="1.0" encoding="UTF-8"?>
<!-- Generated by org.testng.reporters.JUnitReportReporter -->
<testsuite hostname="DESKTOP-NJ97IE9" failures="0" tests="1" name="session26.DemoIgnoreProperties" time="0.219" errors="0" timestamp="2023-03-18T16:29:11 IST" skipped="0">
  <testcase classname="session26.DemoIgnoreProperties" name="test1" time="0.219"/>
  <system-out/>
</testsuite> <!-- session26.DemoIgnoreProperties -->
